<?xml version="1.0" encoding="UTF-8"?>
<coverage generated="1774496989151" clover="3.2.0">
  <project timestamp="1774496989152" name="All files">
    <metrics statements="7" coveredstatements="5" conditionals="2" coveredconditionals="1" methods="2" coveredmethods="1" elements="11" coveredelements="7" complexity="0" loc="7" ncloc="7" packages="1" files="1" classes="1"/>
    <file name="app.js" path="/home/ec2-user/helloworld-demo-node/app.js">
      <metrics statements="7" coveredstatements="5" conditionals="2" coveredconditionals="1" methods="2" coveredmethods="1"/>
      <line num="1" count="1" type="stmt"/>
      <line num="4" count="1" type="stmt"/>
      <line num="5" count="1" type="stmt"/>
      <line num="8" count="1" type="cond" truecount="1" falsecount="1"/>
      <line num="9" count="0" type="stmt"/>
      <line num="10" count="0" type="stmt"/>
      <line num="14" count="1" type="stmt"/>
    </file>
  </project>
</coverage>
